# ДЗ 6

1. Развернуть ВМ (Linux) с PostgreSQL

    Postgres развернул в docker.

2. Залить Тайские перевозки

    Залил базу данных через с помощью флага при запуске образа

    ```sh
    -v ${CURDIR}/migration/thai.sql:/docker-entrypoint-initdb.d/thai.sql 
    ```

3. Проверить скорость выполнения сложного запроса (приложен в конце файла скриптов)

    ```sql
    EXPLAIN ANALYZE
    WITH all_place AS (
        SELECT count(s.id) as all_place, s.fkbus as fkbus
        FROM book.seat s
        group by s.fkbus
    ),
    order_place AS (
        SELECT count(t.id) as order_place, t.fkride
        FROM book.tickets t
        group by t.fkride
    )
    SELECT r.id, r.startdate as depart_date, bs.city || ', ' || bs.name as busstation,  
        t.order_place, st.all_place
    FROM book.ride r
    JOIN book.schedule as s
        on r.fkschedule = s.id
    JOIN book.busroute br
        on s.fkroute = br.id
    JOIN book.busstation bs
        on br.fkbusstationfrom = bs.id
    JOIN order_place t
        on t.fkride = r.id
    JOIN all_place st
        on r.fkbus = st.fkbus
    GROUP BY r.id, r.startdate, bs.city || ', ' || bs.name, t.order_place,st.all_place
    ORDER BY r.startdate
    limit 10;
    ```

    Вывод:

    ```sql
                                                                                                        QUERY PLAN

    --------------------------------------------------------------------------------------------------------------------------------------------------------------------------------------------------------------
    Limit  (cost=94776.09..94776.11 rows=10 width=56) (actual time=6388.835..6389.553 rows=10 loops=1)
    ->  Sort  (cost=94776.09..94776.59 rows=200 width=56) (actual time=6388.834..6389.551 rows=10 loops=1)
            Sort Key: r.startdate
            Sort Method: top-N heapsort  Memory: 25kB
            ->  Group  (cost=92412.58..94771.76 rows=200 width=56) (actual time=4451.803..6362.053 rows=144000 loops=1)
                Group Key: r.id, (((bs.city || ', '::text) || bs.name)), (count(t.id)), (count(s_1.id))
                ->  Incremental Sort  (cost=92412.58..94768.76 rows=200 width=56) (actual time=4451.802..6309.266 rows=144000 loops=1)
                        Sort Key: r.id, (((bs.city || ', '::text) || bs.name)), (count(t.id)), (count(s_1.id))
                        Presorted Key: r.id
                        Full-sort Groups: 4500  Sort Method: quicksort  Average Memory: 27kB  Peak Memory: 27kB
                        ->  Nested Loop  (cost=92400.77..94759.76 rows=200 width=56) (actual time=4451.405..6256.664 rows=144000 loops=1)
                            Join Filter: (r.fkbus = s_1.fkbus)
                            Rows Removed by Join Filter: 336602
                            ->  Nested Loop  (cost=92395.77..94154.23 rows=200 width=84) (actual time=4450.951..6118.151 rows=144000 loops=1)
                                    Join Filter: (bs.id = br.fkbusstationfrom)
                                    Rows Removed by Join Filter: 590400
                                    ->  Nested Loop  (cost=92395.77..94123.48 rows=200 width=24) (actual time=4450.681..5965.968 rows=144000 loops=1)
                                        Join Filter: (br.id = s.fkroute)
                                        Rows Removed by Join Filter: 4248000
                                        ->  Nested Loop  (cost=92395.77..93944.34 rows=200 width=24) (actual time=4450.369..5298.690 rows=144000 loops=1)
                                                ->  Nested Loop  (cost=92395.49..93885.24 rows=200 width=24) (actual time=4450.082..5081.536 rows=144000 loops=1)
                                                    ->  Finalize GroupAggregate  (cost=92395.07..92445.74 rows=200 width=12) (actual time=4448.946..4691.415 rows=144000 loops=1)
                                                            Group Key: t.fkride
                                                            ->  Gather Merge  (cost=92395.07..92441.74 rows=400 width=12) (actual time=4448.937..4578.981 rows=432000 loops=1)
                                                                Workers Planned: 2
                                                                Workers Launched: 2
                                                                ->  Sort  (cost=91395.05..91395.55 rows=200 width=12) (actual time=4437.138..4460.677 rows=144000 loops=3)
                                                                        Sort Key: t.fkride
                                                                        Sort Method: external merge  Disk: 3672kB
                                                                        Worker 0:  Sort Method: external merge  Disk: 3672kB
                                                                        Worker 1:  Sort Method: external merge  Disk: 3672kB
                                                                        ->  Partial HashAggregate  (cost=91385.41..91387.41 rows=200 width=12) (actual time=4136.735..4382.121 rows=144000 loops=3)
                                                                            Group Key: t.fkride
                                                                            Batches: 5  Memory Usage: 8257kB  Disk Usage: 26408kB
                                                                            Worker 0:  Batches: 5  Memory Usage: 8257kB  Disk Usage: 24336kB
                                                                            Worker 1:  Batches: 5  Memory Usage: 8257kB  Disk Usage: 27568kB
                                                                            ->  Parallel Seq Scan on tickets t  (cost=0.00..80582.27 rows=2160627 width=12) (actual time=0.020..3488.718 rows=1728502 loops=3)
                                                    ->  Index Scan using ride_pkey on ride r  (cost=0.42..7.20 rows=1 width=16) (actual time=0.002..0.002 rows=1 loops=144000)
                                                            Index Cond: (id = t.fkride)
                                                ->  Index Scan using schedule_pkey on schedule s  (cost=0.28..0.30 rows=1 width=8) (actual time=0.001..0.001 rows=1 loops=144000)
                                                    Index Cond: (id = r.fkschedule)
                                        ->  Materialize  (cost=0.00..1.90 rows=60 width=8) (actual time=0.000..0.002 rows=30 loops=144000)
                                                ->  Seq Scan on busroute br  (cost=0.00..1.60 rows=60 width=8) (actual time=0.306..0.317 rows=60 loops=1)
                                    ->  Materialize  (cost=0.00..1.15 rows=10 width=68) (actual time=0.000..0.000 rows=5 loops=144000)
                                        ->  Seq Scan on busstation bs  (cost=0.00..1.10 rows=10 width=68) (actual time=0.265..0.267 rows=10 loops=1)
                            ->  Materialize  (cost=5.00..8.00 rows=200 width=12) (actual time=0.000..0.000 rows=3 loops=144000)
                                    ->  HashAggregate  (cost=5.00..7.00 rows=200 width=12) (actual time=0.446..0.448 rows=5 loops=1)
                                        Group Key: s_1.fkbus
                                        Batches: 1  Memory Usage: 40kB
                                        ->  Seq Scan on seat s_1  (cost=0.00..4.00 rows=200 width=8) (actual time=0.368..0.392 rows=200 loops=1)
    Planning Time: 4.496 ms
    Execution Time: 6394.188 ms
    (52 rows)
        ```

4. Навесить индексы на внешние ключ

    Добавил индексы:

    ```sql
    thai=# CREATE INDEX idx_seat_fkbus ON book.seat(fkbus);
    CREATE INDEX
    thai=# CREATE INDEX idx_tickets_fkride ON book.tickets(fkride);
    CREATE INDEX
    thai=# CREATE INDEX idx_schedule_id ON book.schedule(id);
    CREATE INDEX
    thai=#  CREATE INDEX idx_busroute_id ON book.busroute(id);
    CREATE INDEX
    thai=# CREATE INDEX idx_busstation_id ON book.busstation(id);
    CREATE INDEX
    thai=#  CREATE INDEX idx_ride_fkschedule ON book.ride(fkschedule);
    CREATE INDEX
    thai=# CREATE INDEX idx_ride_id ON book.ride(id);
    CREATE INDEX
    ```

5. Проверить, помогли ли индексы на внешние ключи ускориться

    После добавления индексов время запроса уменьшелось.

    ```sql
                                                                                                    QUERY PLAN
    --------------------------------------------------------------------------------------------------------------------------------------------------------------------------------------------------------------
    Limit  (cost=327955.84..327955.86 rows=10 width=56) (actual time=3142.708..3142.806 rows=10 loops=1)
    ->  Sort  (cost=327955.84..328310.96 rows=142048 width=56) (actual time=3113.759..3113.856 rows=10 loops=1)
            Sort Key: r.startdate
            Sort Method: top-N heapsort  Memory: 25kB
            ->  Group  (cost=322400.39..324886.23 rows=142048 width=56) (actual time=3018.077..3086.239 rows=144000 loops=1)
                Group Key: r.id, (((bs.city || ', '::text) || bs.name)), (count(t.id)), (count(s_1.id))
                ->  Sort  (cost=322400.39..322755.51 rows=142048 width=56) (actual time=3018.051..3040.712 rows=144000 loops=1)
                        Sort Key: r.id, (((bs.city || ', '::text) || bs.name)), (count(t.id)), (count(s_1.id))
                        Sort Method: external merge  Disk: 7872kB
                        ->  Hash Join  (cost=257154.72..305385.91 rows=142048 width=56) (actual time=2406.452..2967.988 rows=144000 loops=1)
                            Hash Cond: (r.fkbus = s_1.fkbus)
                            ->  Nested Loop  (cost=257149.61..303981.62 rows=142048 width=84) (actual time=2406.337..2902.993 rows=144000 loops=1)
                                    ->  Hash Join  (cost=257149.47..300601.06 rows=142048 width=24) (actual time=2406.299..2815.008 rows=144000 loops=1)
                                        Hash Cond: (s.fkroute = br.id)
                                        ->  Hash Join  (cost=257147.12..300199.50 rows=142048 width=24) (actual time=2406.263..2772.575 rows=144000 loops=1)
                                                Hash Cond: (r.fkschedule = s.id)
                                                ->  Merge Join  (cost=257103.72..299782.12 rows=142048 width=24) (actual time=2405.842..2730.571 rows=144000 loops=1)
                                                    Merge Cond: (r.id = t.fkride)
                                                    ->  Index Scan using idx_ride_id on ride r  (cost=0.42..4555.42 rows=144000 width=16) (actual time=0.015..33.414 rows=144000 loops=1)
                                                    ->  Finalize GroupAggregate  (cost=257103.30..293091.10 rows=142048 width=12) (actual time=2405.815..2624.467 rows=144000 loops=1)
                                                            Group Key: t.fkride
                                                            ->  Gather Merge  (cost=257103.30..290250.14 rows=284096 width=12) (actual time=2405.775..2532.239 rows=432000 loops=1)
                                                                Workers Planned: 2
                                                                Workers Launched: 2
                                                                ->  Sort  (cost=256103.27..256458.39 rows=142048 width=12) (actual time=2345.555..2369.125 rows=144000 loops=3)
                                                                        Sort Key: t.fkride
                                                                        Sort Method: external merge  Disk: 3672kB
                                                                        Worker 0:  Sort Method: external merge  Disk: 3672kB
                                                                        Worker 1:  Sort Method: external merge  Disk: 3672kB
                                                                        ->  Partial HashAggregate  (cost=218997.44..241517.79 rows=142048 width=12) (actual time=2038.761..2292.948 rows=144000 loops=3)
                                                                            Group Key: t.fkride
                                                                            Planned Partitions: 4  Batches: 5  Memory Usage: 8241kB  Disk Usage: 27488kB
                                                                            Worker 0:  Batches: 5  Memory Usage: 8241kB  Disk Usage: 27536kB
                                                                            Worker 1:  Batches: 5  Memory Usage: 8241kB  Disk Usage: 27640kB
                                                                            ->  Parallel Seq Scan on tickets t  (cost=0.00..80582.27 rows=2160627 width=12) (actual time=0.329..1401.933 rows=1728502 loops=3)
                                                ->  Hash  (cost=25.40..25.40 rows=1440 width=8) (actual time=0.409..0.410 rows=1440 loops=1)
                                                    Buckets: 2048  Batches: 1  Memory Usage: 73kB
                                                    ->  Seq Scan on schedule s  (cost=0.00..25.40 rows=1440 width=8) (actual time=0.006..0.175 rows=1440 loops=1)
                                        ->  Hash  (cost=1.60..1.60 rows=60 width=8) (actual time=0.026..0.026 rows=60 loops=1)
                                                Buckets: 1024  Batches: 1  Memory Usage: 11kB
                                                ->  Seq Scan on busroute br  (cost=0.00..1.60 rows=60 width=8) (actual time=0.007..0.013 rows=60 loops=1)
                                    ->  Memoize  (cost=0.15..0.36 rows=1 width=68) (actual time=0.000..0.000 rows=1 loops=144000)
                                        Cache Key: br.fkbusstationfrom
                                        Cache Mode: logical
                                        Hits: 143990  Misses: 10  Evictions: 0  Overflows: 0  Memory Usage: 2kB
                                        ->  Index Scan using idx_busstation_id on busstation bs  (cost=0.14..0.35 rows=1 width=68) (actual time=0.003..0.003 rows=1 loops=10)
                                                Index Cond: (id = br.fkbusstationfrom)
                            ->  Hash  (cost=5.05..5.05 rows=5 width=12) (actual time=0.100..0.101 rows=5 loops=1)
                                    Buckets: 1024  Batches: 1  Memory Usage: 9kB
                                    ->  HashAggregate  (cost=5.00..5.05 rows=5 width=12) (actual time=0.095..0.096 rows=5 loops=1)
                                        Group Key: s_1.fkbus
                                        Batches: 1  Memory Usage: 24kB
                                        ->  Seq Scan on seat s_1  (cost=0.00..4.00 rows=200 width=8) (actual time=0.018..0.034 rows=200 loops=1)
    Planning Time: 1.323 ms
    JIT:
    Functions: 84
    Options: Inlining false, Optimization false, Expressions true, Deforming true
    Timing: Generation 4.929 ms, Inlining 0.000 ms, Optimization 1.954 ms, Emission 49.389 ms, Total 56.271 ms
    Execution Time: 3151.742 ms
    (59 rows)
    ```
